[2026-02-22 12:34:33.262] [INFO] [dev.kostromdan.mods.crash_assistant.app.CrashAssistantApp]: CrashAssistantApp running: JVM args: [-XX:+UseSerialGC, -XX:MaxHeapFreeRatio=30, -XX:MinHeapFreeRatio=10, -XX:MaxGCPauseMillis=10000, -Xms8m, -Xmx512m]
[2026-02-22 12:34:33.263] [INFO] [dev.kostromdan.mods.crash_assistant.app.CrashAssistantApp]: CrashAssistantApp running: program args: [-jarPath, local/crash_assistant/41853_1771788860365_app.jar, -parentPID, 41853, -parentStarted, 1771788860365, -platform, FORGE, -loaderJarName, fmlloader-1.20.1-47.4.13.jar, -minecraftVersion, 1.20.1, -childProcessesPIDs, VU5ERUZJTkVE, -minecraftStartCommand, LS11c2VybmFtZSwgQ2hhZHdpY2tWb25ELCAtLXZlcnNpb24sIDEuMjAuMSwgLS1nYW1lRGlyLCAvVXNlcnMvPFVTRVI+L0xpYnJhcnkvQXBwbGljYXRpb24gU3VwcG9ydC9QcmlzbUxhdW5jaGVyL2luc3RhbmNlcy9PdGhlcndvcmxkIFtEdW5nZW9ucyAmIERyYWdvbnNdL21pbmVjcmFmdCwgLS1hc3NldHNEaXIsIC9Vc2Vycy88VVNFUj4vTGlicmFyeS9BcHBsaWNhdGlvbiBTdXBwb3J0L1ByaXNtTGF1bmNoZXIvYXNzZXRzLCAtLWFzc2V0SW5kZXgsIDUsIC0tdXVpZCwgMDRjYjgzYjA5OTJkNGE3MThhZDA2NzIyMjgxODBkODEsIC0tYWNjZXNzVG9rZW4sID8/Pz8/Pz8/LCAtLXVzZXJUeXBlLCBtc2EsIC0tdmVyc2lvblR5cGUsIHJlbGVhc2UsIC0tbGF1bmNoVGFyZ2V0LCBmb3JnZWNsaWVudCwgLS1mbWwuZm9yZ2VWZXJzaW9uLCA0Ny40LjEzLCAtLWZtbC5tY1ZlcnNpb24sIDEuMjAuMSwgLS1mbWwuZm9yZ2VHcm91cCwgbmV0Lm1pbmVjcmFmdGZvcmdlLCAtLWZtbC5tY3BWZXJzaW9uLCAyMDIzMDYxMi4xMTQ0MTIsIC0td2lkdGgsIDg1NCwgLS1oZWlnaHQsIDQ4MA==, -minecraftJvmArgs, LVhtczgxOTJtLCAtWG14MzI3NjhtLCAtRHVzZXIubGFuZ3VhZ2U9ZW4sIC1EamF2YS5saWJyYXJ5LnBhdGg9L1VzZXJzLzxVU0VSPi9MaWJyYXJ5L0FwcGxpY2F0aW9uIFN1cHBvcnQvUHJpc21MYXVuY2hlci9pbnN0YW5jZXMvT3RoZXJ3b3JsZCBbRHVuZ2VvbnMgJiBEcmFnb25zXS9uYXRpdmVz, -crashAssistantModJarName, CrashAssistant-forge-1.19-1.20.1-1.10.30.jar, -classPath, local/crash_assistant/41853_1771788860365_app.jar:local/crash_assistant/41853_1771788860365_mod.jar:/Users/toddpeden/Library/Application Support/PrismLauncher/libraries/org/apache/logging/log4j/log4j-api/2.19.0/log4j-api-2.19.0.jar:/Users/toddpeden/Library/Application Support/PrismLauncher/libraries/org/apache/logging/log4j/log4j-core/2.19.0/log4j-core-2.19.0.jar:/Users/toddpeden/Library/Application Support/PrismLauncher/libraries/com/google/code/gson/gson/2.10/gson-2.10.jar:/Users/toddpeden/Library/Application Support/PrismLauncher/libraries/commons-io/commons-io/2.11.0/commons-io-2.11.0.jar:/Users/toddpeden/Library/Application Support/PrismLauncher/libraries/net/java/dev/jna/jna/5.13.0/jna-5.13.0.jar:/Users/toddpeden/Library/Application Support/PrismLauncher/libraries/net/java/dev/jna/jna-platform/5.13.0/jna-platform-5.13.0.jar, -parentXms, 8192m, -parentXmx, 32768m, -systemRAM, 64g, -processor, QXBwbGUgTTQgUHJv, -serialisedGPUs, VnVsa2FuIEdQVSBkZXRlY3Rpb24gYWRkb24gbm90IGZvdW5kLCBmYWxsaW5nIGJhY2sgdG8gRGlyZWN0WApEaXJlY3RYIEdQVSBkZXRlY3Rpb24gaXMgbm90IHN1cHBvcnRlZCBvbiBub24tV2luZG93cyBwbGF0Zm9ybXMKSWYgeW91IHdhbnQgTWluZWNyYWZ0IHJ1bm5pbmcgb2YgaW50ZWdyYXRlZCBHUFUgd2hpbGUgZGVkaWNhdGVkIEdQVSBleGlzdHMgd2FybmluZyBmZWF0dXJlIHdvcmsgb24geW91ciBwYywKcGxzIGluc3RhbGwgb3VyIGFkZG9uIHdpdGggVnVsa2FuIGxpYiAoQ3Jhc2ggQXNzaXN0YW50IGNyb3NzIHBsYXRmb3JtIGludGVncmF0ZWQgR1BVIGRldGVjdGlvbiBhZGRvbikuCg==]
[2026-02-22 12:34:33.263] [INFO] [dev.kostromdan.mods.crash_assistant.app.CrashAssistantApp]: CrashAssistantApp running from: /Users/toddpeden/Library/Application Support/PrismLauncher/instances/Otherworld [Dungeons & Dragons]/minecraft
[2026-02-22 12:34:33.263] [INFO] [dev.kostromdan.mods.crash_assistant.app.CrashAssistantApp]: crashAssistantJarName: CrashAssistant-forge-1.19-1.20.1-1.10.30.jar
[2026-02-22 12:34:33.263] [INFO] [dev.kostromdan.mods.crash_assistant.app.CrashAssistantApp]: Parent PID: 41853
[2026-02-22 12:34:33.264] [INFO] [dev.kostromdan.mods.crash_assistant.app.CrashAssistantApp]: Parent started: 1771788860365
[2026-02-22 12:34:33.264] [INFO] [dev.kostromdan.mods.crash_assistant.app.CrashAssistantApp]: Platform: FORGE
[2026-02-22 12:34:33.265] [INFO] [dev.kostromdan.mods.crash_assistant.app.CrashAssistantApp]: loaderJarName: fmlloader-1.20.1-47.4.13.jar
[2026-02-22 12:34:33.265] [INFO] [dev.kostromdan.mods.crash_assistant.app.CrashAssistantApp]: minecraftVersion: 1.20.1
[2026-02-22 12:34:33.265] [INFO] [dev.kostromdan.mods.crash_assistant.app.CrashAssistantApp]: childProcessesPIDs: UNDEFINED
[2026-02-22 12:34:33.265] [INFO] [dev.kostromdan.mods.crash_assistant.app.CrashAssistantApp]: parentXms: 8192m
[2026-02-22 12:34:33.265] [INFO] [dev.kostromdan.mods.crash_assistant.app.CrashAssistantApp]: parentXmx: 32768m
[2026-02-22 12:34:33.265] [INFO] [dev.kostromdan.mods.crash_assistant.app.CrashAssistantApp]: systemRAM: 64g
[2026-02-22 12:34:33.265] [INFO] [dev.kostromdan.mods.crash_assistant.app.CrashAssistantApp]: processor: Apple M4 Pro
[2026-02-22 12:34:33.265] [INFO] [dev.kostromdan.mods.crash_assistant.app.CrashAssistantApp]: Boot.serialisedGPUs:
Vulkan GPU detection addon not found, falling back to DirectX
DirectX GPU detection is not supported on non-Windows platforms
If you want Minecraft running of integrated GPU while dedicated GPU exists warning feature work on your pc,
pls install our addon with Vulkan lib (Crash Assistant cross platform integrated GPU detection addon).

[2026-02-22 12:34:33.265] [INFO] [dev.kostromdan.mods.crash_assistant.app.CrashAssistantApp]: os.name: mac os x
[2026-02-22 12:34:33.267] [INFO] [dev.kostromdan.mods.crash_assistant.app.CrashAssistantApp]: Java path: /Users/toddpeden/Library/Application Support/PrismLauncher/java/java-runtime-gamma/bin/java
[2026-02-22 12:34:33.267] [INFO] [dev.kostromdan.mods.crash_assistant.app.CrashAssistantApp]: Java version: 17.0.15+6-LTS
[2026-02-22 12:34:33.267] [INFO] [dev.kostromdan.mods.crash_assistant.app.CrashAssistantApp]: Minecraft JVM args: -Xms8192m, -Xmx32768m, -Duser.language=en, -Djava.library.path=/Users/<USER>/Library/Application Support/PrismLauncher/instances/Otherworld [Dungeons & Dragons]/natives
[2026-02-22 12:34:33.267] [INFO] [dev.kostromdan.mods.crash_assistant.app.CrashAssistantApp]: Minecraft Launch Command: --username, ChadwickVonD, --version, 1.20.1, --gameDir, /Users/<USER>/Library/Application Support/PrismLauncher/instances/Otherworld [Dungeons & Dragons]/minecraft, --assetsDir, /Users/<USER>/Library/Application Support/PrismLauncher/assets, --assetIndex, 5, --uuid, 04cb83b0992d4a718ad0672228180d81, --accessToken, ????????, --userType, msa, --versionType, release, --launchTarget, forgeclient, --fml.forgeVersion, 47.4.13, --fml.mcVersion, 1.20.1, --fml.forgeGroup, net.minecraftforge, --fml.mcpVersion, 20230612.114412, --width, 854, --height, 480
[2026-02-22 12:34:33.277] [INFO] [dev.kostromdan.mods.crash_assistant.app.CrashAssistantApp]: CrashAssistantApp started successfully. Waiting for PID 41853 to stop.
[2026-02-22 12:35:09.609] [INFO] [dev.kostromdan.mods.crash_assistant.app.CrashAssistantApp]: Minecraft is running on renderer:
Apple M4 Pro
[2026-02-22 12:35:36.881] [INFO] [dev.kostromdan.mods.crash_assistant.app.CrashAssistantApp]: PID "41853" is not alive or reused by another process. Minecraft JVM appears to have stopped.
[2026-02-22 12:35:36.908] [INFO] [dev.kostromdan.mods.crash_assistant.app.CrashAssistantApp]: Adding latest.log from /Users/toddpeden/Library/Application Support/PrismLauncher/instances/Otherworld [Dungeons & Dragons]/minecraft/logs/latest.log
[2026-02-22 12:35:36.909] [INFO] [dev.kostromdan.mods.crash_assistant.app.CrashAssistantApp]: Adding debug.log from /Users/toddpeden/Library/Application Support/PrismLauncher/instances/Otherworld [Dungeons & Dragons]/minecraft/logs/debug.log
[2026-02-22 12:35:36.911] [INFO] [dev.kostromdan.mods.crash_assistant.app.CrashAssistantApp]: stderr_stream.log size: 376 bytes
[2026-02-22 12:35:36.911] [INFO] [dev.kostromdan.mods.crash_assistant.app.CrashAssistantApp]: Adding PrismLauncher-0.log from /Users/toddpeden/Library/Application Support/PrismLauncher/instances/Otherworld [Dungeons & Dragons]/minecraft/../../../logs/PrismLauncher-0.log
[2026-02-22 12:35:36.913] [INFO] [dev.kostromdan.mods.crash_assistant.app.CrashAssistantApp]: Adding crash_assistant_app.log from /Users/toddpeden/Library/Application Support/PrismLauncher/instances/Otherworld [Dungeons & Dragons]/minecraft/logs/crash_assistant/crash_assistant_app.log
[2026-02-22 12:35:36.913] [INFO] [dev.kostromdan.mods.crash_assistant.app.CrashAssistantApp]: Reached first tick of TitleScreen: true
[2026-02-22 12:35:36.914] [INFO] [dev.kostromdan.mods.crash_assistant.app.CrashAssistantApp]: Joined world successfully: false
[2026-02-22 12:35:36.914] [INFO] [dev.kostromdan.mods.crash_assistant.app.CrashAssistantApp]: stop() function of Minecraft fired: true
[2026-02-22 12:35:36.914] [INFO] [dev.kostromdan.mods.crash_assistant.app.CrashAssistantApp]: close() function of Minecraft failed: false
[2026-02-22 12:35:36.914] [INFO] [dev.kostromdan.mods.crash_assistant.app.CrashAssistantApp]: emergencySave() function of Minecraft fired: false
[2026-02-22 12:35:36.915] [INFO] [dev.kostromdan.mods.crash_assistant.app.CrashAssistantApp]: isModpackCreator: false
[2026-02-22 12:35:36.915] [INFO] [dev.kostromdan.mods.crash_assistant.app.CrashAssistantApp]: isHelpLinkDefault: false
[2026-02-22 12:35:36.916] [INFO] [dev.kostromdan.mods.crash_assistant.app.CrashAssistantApp]: helpLink: https://discord.gg/lunapixel
[2026-02-22 12:35:36.916] [INFO] [dev.kostromdan.mods.crash_assistant.app.CrashAssistantApp]: Seems like Minecraft finished normally. Trying to locate terminated processes and Exiting Crash Assistant app.
[2026-02-22 12:35:37.189] [INFO] [dev.kostromdan.mods.crash_assistant.app.CrashAssistantApp]: UUID(04cb83b0992d4a718ad0672228180d81) verification result: LICENSED
